
> smartredirectsuite@2.14.0 dev
> cross-env NODE_ENV=development tsx server/index.ts

WARNUNG: Sie verwenden das Standard-Passwort 'Password1'. Bitte setzen Sie die Umgebungsvariable ADMIN_PASSWORD.
WARNUNG: Keine SESSION_SECRET Umgebungsvariable gesetzt. Ein zufälliger Schlüssel wurde generiert.
Created upload directory: /app/data/uploads
INFO: Alle existierenden Sitzungen wurden bereinigt.
11:42:51 AM [express] serving on port 5000
[baseline-browser-mapping] The data in this module is over two months old.  To ensure accurate Baseline data, please update: `npm i baseline-browser-mapping@latest -D`
11:44:01 AM [express] GET /api/settings 200 in 5ms :: {"id":"fd19faba-b08a-4c83-b6eb-e101fba86607","headerTitle":"SmartRedirect Suite","headerIcon":"Info","headerBackgroun…
11:44:01 AM [express] POST /api/check-rules 200 in 30ms :: {"rule":null,"hasMatch":false,"matchQuality":0,"matchLevel":"red"}
11:44:01 AM [express] POST /api/track 200 in 17ms :: {"oldUrl":"http://localhost:5000/admin","newUrl":"https://newapp.com/q=admin","path":"/admin","timestamp":"2026-02-16T…
11:45:12 AM [express] GET /api/settings 200 in 2ms :: {"id":"fd19faba-b08a-4c83-b6eb-e101fba86607","headerTitle":"SmartRedirect Suite","headerIcon":"Info","headerBackgroun…
11:45:12 AM [express] POST /api/check-rules 200 in 4ms :: {"rule":null,"hasMatch":false,"matchQuality":0,"matchLevel":"red"}
11:45:12 AM [express] POST /api/track 200 in 8ms :: {"oldUrl":"http://localhost:5000/admin","newUrl":"https://newapp.com/q=admin","path":"/admin","timestamp":"2026-02-16T1…
11:45:51 AM [express] GET /api/settings 200 in 1ms :: {"id":"fd19faba-b08a-4c83-b6eb-e101fba86607","headerTitle":"SmartRedirect Suite","headerIcon":"Info","headerBackgroun…
11:45:51 AM [express] GET /api/admin/status 200 in 3ms :: {"isAuthenticated":false}
11:47:09 AM [express] GET /api/settings 200 in 1ms :: {"id":"fd19faba-b08a-4c83-b6eb-e101fba86607","headerTitle":"SmartRedirect Suite","headerIcon":"Info","headerBackgroun…
11:47:09 AM [express] GET /api/admin/status 200 in 2ms :: {"isAuthenticated":false}
11:49:02 AM [express] GET /api/settings 200 in 1ms :: {"id":"fd19faba-b08a-4c83-b6eb-e101fba86607","headerTitle":"SmartRedirect Suite","headerIcon":"Info","headerBackgroun…
11:49:02 AM [express] GET /api/admin/status 200 in 1ms :: {"isAuthenticated":false}
11:49:03 AM [express] POST /api/admin/login 200 in 565ms :: {"success":true,"sessionId":"***"}
11:49:03 AM [express] GET /api/admin/status 200 in 54ms :: {"isAuthenticated":true,"loginTime":1771242542793}
11:49:04 AM [express] GET /api/admin/stats/all 200 in 57ms :: {"stats":{"total":2,"today":2,"week":2,"quality":{"match100":0,"match75":0,"match50":0,"match0":2},"feedback"…
11:49:04 AM [express] GET /api/admin/rules/paginated 200 in 59ms :: {"rules":[{"id":"957a66bb-eaf7-484f-92b1-4d412b086e73","matcher":"/alte-seite/Subpfad/","targetUrl":"/z…
11:49:04 AM [express] GET /api/admin/stats/top100 200 in 58ms :: {"0":{"path":"/admin","count":2}}
11:49:04 AM [express] GET /api/admin/stats/top-referrers 200 in 57ms :: {}
11:49:04 AM [express] GET /api/admin/stats/trend 200 in 61ms :: {"0":{"date":"2026-01-17","score":0,"count":0,"okCount":0,"autoCount":0,"nokCount":0,"avgMatchQuality":0,"m…
