WARNUNG: Sie verwenden das Standard-Passwort 'Password1'. Bitte setzen Sie die Umgebungsvariable ADMIN_PASSWORD.
WARNUNG: Keine SESSION_SECRET Umgebungsvariable gesetzt. Ein zufälliger Schlüssel wurde generiert.
Created upload directory: /app/data/uploads
INFO: Alle existierenden Sitzungen wurden bereinigt.
7:54:52 AM [express] serving on port 5000
[baseline-browser-mapping] The data in this module is over two months old.  To ensure accurate Baseline data, please update: `npm i baseline-browser-mapping@latest -D`
7:56:33 AM [express] GET /api/settings 200 in 4ms :: {"id":"fd19faba-b08a-4c83-b6eb-e101fba86607","headerTitle":"SmartRedirect Suite","headerIcon":"Info","headerBackgroun…
7:56:33 AM [express] POST /api/check-rules 200 in 37ms :: {"rule":null,"hasMatch":false,"matchQuality":0,"matchLevel":"red"}
7:56:33 AM [express] POST /api/track 200 in 15ms :: {"oldUrl":"http://localhost:5000/admin","newUrl":"https://new.example.com/admin","path":"/admin","timestamp":"2026-02-…
7:57:10 AM [vite] (client) hmr update /src/index.css
7:57:19 AM [express] GET /api/settings 200 in 1ms :: {"id":"fd19faba-b08a-4c83-b6eb-e101fba86607","headerTitle":"SmartRedirect Suite","headerIcon":"Info","headerBackgroun…
7:57:19 AM [express] POST /api/check-rules 200 in 3ms :: {"rule":null,"hasMatch":false,"matchQuality":0,"matchLevel":"red"}
7:57:19 AM [express] POST /api/track 200 in 2ms :: {"oldUrl":"http://localhost:5000/","newUrl":"https://new.example.com/","path":"/","timestamp":"2026-02-01T07:57:19.460Z…
7:57:19 AM [express] GET /api/admin/status 200 in 3ms :: {"isAuthenticated":false}
7:58:14 AM [vite] (client) hmr update /src/index.css
7:58:23 AM [express] GET /api/settings 200 in 1ms :: {"id":"fd19faba-b08a-4c83-b6eb-e101fba86607","headerTitle":"SmartRedirect Suite","headerIcon":"Info","headerBackgroun…
7:58:23 AM [express] POST /api/check-rules 200 in 2ms :: {"rule":null,"hasMatch":false,"matchQuality":0,"matchLevel":"red"}
7:58:23 AM [express] POST /api/track 200 in 3ms :: {"oldUrl":"http://localhost:5000/","newUrl":"https://new.example.com/","path":"/","timestamp":"2026-02-01T07:58:23.414Z…
7:58:23 AM [express] GET /api/admin/status 200 in 1ms :: {"isAuthenticated":false}
7:58:24 AM [express] POST /api/admin/login 200 in 552ms :: {"success":true,"sessionId":"***"}
7:58:24 AM [express] GET /api/admin/status 200 in 56ms :: {"isAuthenticated":true,"loginTime":1769932703673}
7:58:24 AM [express] GET /api/admin/stats/trend 200 in 60ms :: {"0":{"date":"2026-01-02","score":0,"count":0,"okCount":0,"nokCount":0},"1":{"date":"2026-01-03","score":0,…
7:58:24 AM [express] GET /api/admin/rules/paginated 200 in 59ms :: {"rules":[{"id":"ce499dc5-49f2-4391-b4e9-7514db860b74","matcher":"/sample-old-url-to-match-different-do…
7:58:24 AM [express] GET /api/admin/stats/all 200 in 59ms :: {"stats":{"total":1,"today":1,"week":1,"quality":{"match100":0,"match75":0,"match50":0,"match0":1},"feedback"…
7:58:24 AM [express] GET /api/admin/stats/top100 200 in 58ms :: {"0":{"path":"/admin","count":1}}
7:58:24 AM [express] GET /api/admin/stats/top-referrers 200 in 54ms :: {}
7:59:24 AM [vite] (client) hmr update /src/index.css
7:59:31 AM [express] GET /api/settings 200 in 1ms :: {"id":"fd19faba-b08a-4c83-b6eb-e101fba86607","headerTitle":"SmartRedirect Suite","headerIcon":"Info","headerBackgroun…
7:59:31 AM [express] POST /api/check-rules 200 in 3ms :: {"rule":null,"hasMatch":false,"matchQuality":0,"matchLevel":"red"}
7:59:31 AM [express] POST /api/track 200 in 4ms :: {"oldUrl":"http://localhost:5000/","newUrl":"https://new.example.com/","path":"/","timestamp":"2026-02-01T07:59:31.371Z…
7:59:31 AM [express] GET /api/admin/status 200 in 2ms :: {"isAuthenticated":false}
7:59:31 AM [express] POST /api/admin/login 200 in 116ms :: {"success":true,"sessionId":"***"}
7:59:32 AM [express] GET /api/admin/status 200 in 55ms :: {"isAuthenticated":true,"loginTime":1769932771589}
7:59:32 AM [express] GET /api/admin/stats/trend 200 in 59ms :: {"0":{"date":"2026-01-02","score":0,"count":0,"okCount":0,"nokCount":0},"1":{"date":"2026-01-03","score":0,…
7:59:32 AM [express] GET /api/admin/rules/paginated 200 in 59ms :: {"rules":[{"id":"ce499dc5-49f2-4391-b4e9-7514db860b74","matcher":"/sample-old-url-to-match-different-do…
7:59:32 AM [express] GET /api/admin/stats/all 200 in 55ms :: {"stats":{"total":1,"today":1,"week":1,"quality":{"match100":0,"match75":0,"match50":0,"match0":1},"feedback"…
7:59:32 AM [express] GET /api/admin/stats/top-referrers 200 in 52ms :: {}
7:59:32 AM [express] GET /api/admin/stats/top100 200 in 54ms :: {"0":{"path":"/admin","count":1}}
